app-main/build/app/intermediates/manifest_merge_blame_file/debug/manifest-merger-blame-debug-report.txt
1<?xml version="1.0" encoding="utf-8"?>
2<manifest xmlns:android="http://schemas.android.com/apk/res/android"
3    package="com.example.app_work_log"
4    android:versionCode="1"
5    android:versionName="1.0.0" >
6
7    <uses-sdk
8        android:minSdkVersion="21"
9        android:targetSdkVersion="33" />
10    <!--
11         The INTERNET permission is required for development. Specifically,
12         the Flutter tool needs it to communicate with the running application
13         to allow setting breakpoints, to provide hot reload, etc.
14    -->
15    <uses-permission android:name="android.permission.INTERNET" />
15-->src\debug\AndroidManifest.xml:6:5-66
15-->src\debug\AndroidManifest.xml:6:22-64
16    <uses-permission android:name="android.permission.ACCESS_FINE_LOCATION" />
16-->src\main\AndroidManifest.xml:3:5-79
16-->src\main\AndroidManifest.xml:3:22-76
17    <uses-permission android:name="android.permission.ACCESS_COARSE_LOCATION" />
17-->src\main\AndroidManifest.xml:4:5-81
17-->src\main\AndroidManifest.xml:4:22-78
18    <uses-permission android:name="android.permission.POST_NOTIFICATIONS" />
18-->src\main\AndroidManifest.xml:5:5-76
18-->src\main\AndroidManifest.xml:5:22-74
19    <uses-permission android:name="android.permission.FOREGROUND_SERVICE" />
19-->src\main\AndroidManifest.xml:6:5-76
19-->src\main\AndroidManifest.xml:6:22-74
20    <uses-permission android:name="android.permission.WAKE_LOCK" />
20-->[:firebase_messaging] AndroidManifest.xml:10:5-68
20-->[:firebase_messaging] AndroidManifest.xml:10:22-65
21    <uses-permission android:name="android.permission.ACCESS_NETWORK_STATE" />
21-->[:firebase_messaging] AndroidManifest.xml:11:5-79
21-->[:firebase_messaging] AndroidManifest.xml:11:22-76
22    <uses-permission android:name="android.permission.READ_EXTERNAL_STORAGE" />
22-->[:file_picker] AndroidManifest.xml:9:5-80
22-->[:file_picker] AndroidManifest.xml:9:22-77
23
24    <queries>
24-->[:file_picker] AndroidManifest.xml:11:5-17:15
25        <intent>
25-->[:file_picker] AndroidManifest.xml:12:9-16:18
26            <action android:name="android.intent.action.GET_CONTENT" />
26-->[:file_picker] AndroidManifest.xml:13:13-72
26-->[:file_picker] AndroidManifest.xml:13:21-69
27
28            <data android:mimeType="*/*" />
28-->[:file_picker] AndroidManifest.xml:15:13-44
28-->[:file_picker] AndroidManifest.xml:15:19-41
29        </intent>
30        <!-- Needs to be explicitly declared on Android R+ -->
31        <package android:name="com.google.android.apps.maps" />
31-->[com.google.android.gms:play-services-maps:18.1.0] AndroidManifest.xml:33:9-64
31-->[com.google.android.gms:play-services-maps:18.1.0] AndroidManifest.xml:33:18-61
32    </queries>
33
34    <uses-permission android:name="android.permission.CAMERA" />
34-->[:flutter_barcode_scanner] AndroidManifest.xml:9:5-65
34-->[:flutter_barcode_scanner] AndroidManifest.xml:9:22-62
35
36    <uses-feature android:name="android.hardware.camera" />
36-->[:flutter_barcode_scanner] AndroidManifest.xml:11:5-60
36-->[:flutter_barcode_scanner] AndroidManifest.xml:11:19-57
37
38    <uses-permission android:name="android.permission.FLASHLIGHT" />
38-->[:flutter_barcode_scanner] AndroidManifest.xml:13:5-69
38-->[:flutter_barcode_scanner] AndroidManifest.xml:13:22-66
39    <uses-permission android:name="android.permission.RECEIVE_BOOT_COMPLETED" />
39-->[:flutter_local_notifications] AndroidManifest.xml:9:5-81
39-->[:flutter_local_notifications] AndroidManifest.xml:9:22-78
40    <uses-permission android:name="android.permission.VIBRATE" />
40-->[:flutter_local_notifications] AndroidManifest.xml:10:5-66
40-->[:flutter_local_notifications] AndroidManifest.xml:10:22-63
41    <uses-permission android:name="android.permission.USE_FULL_SCREEN_INTENT" />
41-->[:flutter_local_notifications] AndroidManifest.xml:11:5-81
41-->[:flutter_local_notifications] AndroidManifest.xml:11:22-78
42    <uses-permission android:name="android.permission.SCHEDULE_EXACT_ALARM" />
42-->[:flutter_local_notifications] AndroidManifest.xml:12:5-79
42-->[:flutter_local_notifications] AndroidManifest.xml:12:22-76
43
44    <uses-feature
44-->[com.google.android.gms:play-services-maps:18.1.0] AndroidManifest.xml:26:5-28:35
45        android:glEsVersion="0x00020000"
45-->[com.google.android.gms:play-services-maps:18.1.0] AndroidManifest.xml:27:9-41
46        android:required="true" /> <!-- Required by older versions of Google Play services to create IID tokens -->
46-->[com.google.android.gms:play-services-maps:18.1.0] AndroidManifest.xml:28:9-32
47    <uses-permission android:name="com.google.android.c2dm.permission.RECEIVE" />
47-->[com.google.firebase:firebase-messaging:23.2.1] AndroidManifest.xml:26:5-82
47-->[com.google.firebase:firebase-messaging:23.2.1] AndroidManifest.xml:26:22-79
48
49    <permission
49-->[androidx.core:core:1.10.1] AndroidManifest.xml:22:5-24:47
50        android:name="com.example.app_work_log.DYNAMIC_RECEIVER_NOT_EXPORTED_PERMISSION"
50-->[androidx.core:core:1.10.1] AndroidManifest.xml:23:9-81
51        android:protectionLevel="signature" />
51-->[androidx.core:core:1.10.1] AndroidManifest.xml:24:9-44
52
53    <uses-permission android:name="com.example.app_work_log.DYNAMIC_RECEIVER_NOT_EXPORTED_PERMISSION" />
53-->[androidx.core:core:1.10.1] AndroidManifest.xml:26:5-97
53-->[androidx.core:core:1.10.1] AndroidManifest.xml:26:22-94
54
55    <application
56        android:name="android.app.Application"
57        android:appComponentFactory="androidx.core.app.CoreComponentFactory"
57-->[androidx.core:core:1.10.1] AndroidManifest.xml:28:18-86
58        android:debuggable="true"
59        android:icon="@mipmap/ic_launcher"
60        android:label="Work Log"
61        android:largeHeap="true"
61-->[:flutter_barcode_scanner] AndroidManifest.xml:16:9-33
62        android:theme="@style/Theme.AppCompat.NoActionBar" >
62-->[:flutter_barcode_scanner] AndroidManifest.xml:17:9-59
63        <meta-data
64            android:name="com.google.android.geo.API_KEY"
65            android:value="AIzaSyBlPYuZS-mDgTPTstWkmqWTfMrL3WytiMw" />
66        <meta-data
67            android:name="flutterEmbedding"
68            android:value="2" />
69
70        <activity
71            android:name="com.example.app_work_log.MainActivity"
72            android:configChanges="orientation|keyboardHidden|keyboard|screenSize|smallestScreenSize|locale|layoutDirection|fontScale|screenLayout|density|uiMode"
73            android:exported="true"
74            android:hardwareAccelerated="true"
75            android:launchMode="singleTop"
76            android:showWhenLocked="true"
77            android:theme="@style/LaunchTheme"
78            android:turnScreenOn="true"
79            android:windowSoftInputMode="adjustResize" >
80
81            <!--
82                 Specifies an Android theme to apply to this Activity as soon as
83                 the Android process has started. This theme is visible to the user
84                 while the Flutter UI initializes. After that, this theme continues
85                 to determine the Window background behind the Flutter UI.
86            -->
87            <meta-data
88                android:name="io.flutter.embedding.android.NormalTheme"
89                android:resource="@style/NormalTheme" />
90
91            <intent-filter>
92                <action android:name="android.intent.action.MAIN" />
93
94                <category android:name="android.intent.category.LAUNCHER" />
95            </intent-filter>
96        </activity>
97        <!--
98             Don't delete the meta-data below.
99             This is used by the Flutter tool to generate GeneratedPluginRegistrant.java
100        -->
101        <meta-data
102            android:name="flutterEmbedding"
103            android:value="2" />
104
105        <service
105-->[:cloud_firestore] AndroidManifest.xml:10:9-14:19
106            android:name="com.google.firebase.components.ComponentDiscoveryService"
106-->[:cloud_firestore] AndroidManifest.xml:10:18-89
107            android:directBootAware="true"
107-->[com.google.firebase:firebase-common:20.3.3] AndroidManifest.xml:34:13-43
108            android:exported="false" >
108-->[com.google.firebase:firebase-firestore:24.7.1] AndroidManifest.xml:16:13-37
109            <meta-data
109-->[:cloud_firestore] AndroidManifest.xml:11:13-13:85
110                android:name="com.google.firebase.components:io.flutter.plugins.firebase.firestore.FlutterFirebaseFirestoreRegistrar"
110-->[:cloud_firestore] AndroidManifest.xml:12:17-134
111                android:value="com.google.firebase.components.ComponentRegistrar" />
111-->[:cloud_firestore] AndroidManifest.xml:13:17-82
112            <meta-data
112-->[:firebase_storage] AndroidManifest.xml:11:13-13:85
113                android:name="com.google.firebase.components:io.flutter.plugins.firebase.storage.FlutterFirebaseAppRegistrar"
113-->[:firebase_storage] AndroidManifest.xml:12:17-126
114                android:value="com.google.firebase.components.ComponentRegistrar" />
114-->[:firebase_storage] AndroidManifest.xml:13:17-82
115            <meta-data
115-->[:firebase_messaging] AndroidManifest.xml:38:13-40:85
116                android:name="com.google.firebase.components:io.flutter.plugins.firebase.messaging.FlutterFirebaseAppRegistrar"
116-->[:firebase_messaging] AndroidManifest.xml:39:17-128
117                android:value="com.google.firebase.components.ComponentRegistrar" />
117-->[:firebase_messaging] AndroidManifest.xml:40:17-82
118            <meta-data
118-->[:firebase_core] AndroidManifest.xml:11:13-13:85
119                android:name="com.google.firebase.components:io.flutter.plugins.firebase.core.FlutterFirebaseCoreRegistrar"
119-->[:firebase_core] AndroidManifest.xml:12:17-124
120                android:value="com.google.firebase.components.ComponentRegistrar" />
120-->[:firebase_core] AndroidManifest.xml:13:17-82
121            <meta-data
121-->[com.google.firebase:firebase-firestore:24.7.1] AndroidManifest.xml:17:13-19:85
122                android:name="com.google.firebase.components:com.google.firebase.firestore.FirestoreRegistrar"
122-->[com.google.firebase:firebase-firestore:24.7.1] AndroidManifest.xml:18:17-111
123                android:value="com.google.firebase.components.ComponentRegistrar" />
123-->[com.google.firebase:firebase-firestore:24.7.1] AndroidManifest.xml:19:17-82
124            <meta-data
124-->[com.google.firebase:firebase-messaging:23.2.1] AndroidManifest.xml:53:13-55:85
125                android:name="com.google.firebase.components:com.google.firebase.messaging.FirebaseMessagingRegistrar"
125-->[com.google.firebase:firebase-messaging:23.2.1] AndroidManifest.xml:54:17-119
126                android:value="com.google.firebase.components.ComponentRegistrar" />
126-->[com.google.firebase:firebase-messaging:23.2.1] AndroidManifest.xml:55:17-82
127            <meta-data
127-->[com.google.firebase:firebase-storage:20.2.1] AndroidManifest.xml:32:13-34:85
128                android:name="com.google.firebase.components:com.google.firebase.storage.StorageRegistrar"
128-->[com.google.firebase:firebase-storage:20.2.1] AndroidManifest.xml:33:17-107
129                android:value="com.google.firebase.components.ComponentRegistrar" />
129-->[com.google.firebase:firebase-storage:20.2.1] AndroidManifest.xml:34:17-82
130            <meta-data
130-->[com.google.firebase:firebase-iid:21.1.0] AndroidManifest.xml:32:13-34:85
131                android:name="com.google.firebase.components:com.google.firebase.iid.Registrar"
131-->[com.google.firebase:firebase-iid:21.1.0] AndroidManifest.xml:33:17-96
132                android:value="com.google.firebase.components.ComponentRegistrar" />
132-->[com.google.firebase:firebase-iid:21.1.0] AndroidManifest.xml:34:17-82
133            <meta-data
133-->[com.google.firebase:firebase-installations:17.1.4] AndroidManifest.xml:15:13-17:85
134                android:name="com.google.firebase.components:com.google.firebase.installations.FirebaseInstallationsRegistrar"
134-->[com.google.firebase:firebase-installations:17.1.4] AndroidManifest.xml:16:17-127
135                android:value="com.google.firebase.components.ComponentRegistrar" />
135-->[com.google.firebase:firebase-installations:17.1.4] AndroidManifest.xml:17:17-82
136            <meta-data
136-->[com.google.firebase:firebase-datatransport:18.1.7] AndroidManifest.xml:27:13-29:85
137                android:name="com.google.firebase.components:com.google.firebase.datatransport.TransportRegistrar"
137-->[com.google.firebase:firebase-datatransport:18.1.7] AndroidManifest.xml:28:17-115
138                android:value="com.google.firebase.components.ComponentRegistrar" />
138-->[com.google.firebase:firebase-datatransport:18.1.7] AndroidManifest.xml:29:17-82
139        </service>
140        <service
140-->[:firebase_messaging] AndroidManifest.xml:16:9-19:72
141            android:name="io.flutter.plugins.firebase.messaging.FlutterFirebaseMessagingBackgroundService"
141-->[:firebase_messaging] AndroidManifest.xml:17:13-107
142            android:exported="false"
142-->[:firebase_messaging] AndroidManifest.xml:18:13-37
143            android:permission="android.permission.BIND_JOB_SERVICE" />
143-->[:firebase_messaging] AndroidManifest.xml:19:13-69
144        <service
144-->[:firebase_messaging] AndroidManifest.xml:20:9-26:19
145            android:name="io.flutter.plugins.firebase.messaging.FlutterFirebaseMessagingService"
145-->[:firebase_messaging] AndroidManifest.xml:21:13-97
146            android:exported="false" >
146-->[:firebase_messaging] AndroidManifest.xml:22:13-37
147            <intent-filter>
147-->[:firebase_messaging] AndroidManifest.xml:23:13-25:29
148                <action android:name="com.google.firebase.MESSAGING_EVENT" />
148-->[:firebase_messaging] AndroidManifest.xml:24:17-78
148-->[:firebase_messaging] AndroidManifest.xml:24:25-75
149            </intent-filter>
150        </service>
151
152        <receiver
152-->[:firebase_messaging] AndroidManifest.xml:28:9-35:20
153            android:name="io.flutter.plugins.firebase.messaging.FlutterFirebaseMessagingReceiver"
153-->[:firebase_messaging] AndroidManifest.xml:29:13-98
154            android:exported="true"
154-->[:firebase_messaging] AndroidManifest.xml:30:13-36
155            android:permission="com.google.android.c2dm.permission.SEND" >
155-->[:firebase_messaging] AndroidManifest.xml:31:13-73
156            <intent-filter>
156-->[:firebase_messaging] AndroidManifest.xml:32:13-34:29
157                <action android:name="com.google.android.c2dm.intent.RECEIVE" />
157-->[:firebase_messaging] AndroidManifest.xml:33:17-81
157-->[:firebase_messaging] AndroidManifest.xml:33:25-78
158            </intent-filter>
159        </receiver>
160
161        <provider
161-->[:firebase_messaging] AndroidManifest.xml:43:9-47:38
162            android:name="io.flutter.plugins.firebase.messaging.FlutterFirebaseMessagingInitProvider"
162-->[:firebase_messaging] AndroidManifest.xml:44:13-102
163            android:authorities="com.example.app_work_log.flutterfirebasemessaginginitprovider"
163-->[:firebase_messaging] AndroidManifest.xml:45:13-88
164            android:exported="false"
164-->[:firebase_messaging] AndroidManifest.xml:46:13-37
165            android:initOrder="99" />
165-->[:firebase_messaging] AndroidManifest.xml:47:13-35
166
167        <service
167-->[:geolocator_android] AndroidManifest.xml:10:9-14:56
168            android:name="com.baseflow.geolocator.GeolocatorLocationService"
168-->[:geolocator_android] AndroidManifest.xml:11:13-77
169            android:enabled="true"
169-->[:geolocator_android] AndroidManifest.xml:12:13-35
170            android:exported="false"
170-->[:geolocator_android] AndroidManifest.xml:13:13-37
171            android:foregroundServiceType="location" />
171-->[:geolocator_android] AndroidManifest.xml:14:13-53
172
173        <activity android:name="com.amolg.flutterbarcodescanner.BarcodeCaptureActivity" />
173-->[:flutter_barcode_scanner] AndroidManifest.xml:18:9-91
173-->[:flutter_barcode_scanner] AndroidManifest.xml:18:19-88
174
175        <provider
175-->[:image_picker_android] AndroidManifest.xml:10:9-18:20
176            android:name="io.flutter.plugins.imagepicker.ImagePickerFileProvider"
176-->[:image_picker_android] AndroidManifest.xml:11:13-82
177            android:authorities="com.example.app_work_log.flutter.image_provider"
177-->[:image_picker_android] AndroidManifest.xml:12:13-74
178            android:exported="false"
178-->[:image_picker_android] AndroidManifest.xml:13:13-37
179            android:grantUriPermissions="true" >
179-->[:image_picker_android] AndroidManifest.xml:14:13-47
180            <meta-data
180-->[:image_picker_android] AndroidManifest.xml:15:13-17:75
181                android:name="android.support.FILE_PROVIDER_PATHS"
181-->[:image_picker_android] AndroidManifest.xml:16:17-67
182                android:resource="@xml/flutter_image_picker_file_paths" />
182-->[:image_picker_android] AndroidManifest.xml:17:17-72
183        </provider>
184
185        <receiver
185-->[:flutter_local_notifications] AndroidManifest.xml:16:9-18:40
186            android:name="com.dexterous.flutterlocalnotifications.ActionBroadcastReceiver"
186-->[:flutter_local_notifications] AndroidManifest.xml:17:13-91
187            android:exported="false" />
187-->[:flutter_local_notifications] AndroidManifest.xml:18:13-37
188        <receiver
188-->[:flutter_local_notifications] AndroidManifest.xml:19:9-21:40
189            android:name="com.dexterous.flutterlocalnotifications.ScheduledNotificationReceiver"
189-->[:flutter_local_notifications] AndroidManifest.xml:20:13-97
190            android:exported="false" />
190-->[:flutter_local_notifications] AndroidManifest.xml:21:13-37
191        <receiver
191-->[:flutter_local_notifications] AndroidManifest.xml:22:9-31:20
192            android:name="com.dexterous.flutterlocalnotifications.ScheduledNotificationBootReceiver"
192-->[:flutter_local_notifications] AndroidManifest.xml:23:13-101
193            android:exported="false" >
193-->[:flutter_local_notifications] AndroidManifest.xml:24:13-37
194            <intent-filter>
194-->[:flutter_local_notifications] AndroidManifest.xml:25:13-30:29
195                <action android:name="android.intent.action.BOOT_COMPLETED" />
195-->[:flutter_local_notifications] AndroidManifest.xml:26:17-79
195-->[:flutter_local_notifications] AndroidManifest.xml:26:25-76
196                <action android:name="android.intent.action.MY_PACKAGE_REPLACED" />
196-->[:flutter_local_notifications] AndroidManifest.xml:27:17-84
196-->[:flutter_local_notifications] AndroidManifest.xml:27:25-81
197                <action android:name="android.intent.action.QUICKBOOT_POWERON" />
197-->[:flutter_local_notifications] AndroidManifest.xml:28:17-82
197-->[:flutter_local_notifications] AndroidManifest.xml:28:25-79
198                <action android:name="com.htc.intent.action.QUICKBOOT_POWERON" />
198-->[:flutter_local_notifications] AndroidManifest.xml:29:17-82
198-->[:flutter_local_notifications] AndroidManifest.xml:29:25-79
199            </intent-filter>
200        </receiver>
201
202        <activity
202-->[:url_launcher_android] AndroidManifest.xml:10:9-13:74
203            android:name="io.flutter.plugins.urllauncher.WebViewActivity"
203-->[:url_launcher_android] AndroidManifest.xml:11:13-74
204            android:exported="false"
204-->[:url_launcher_android] AndroidManifest.xml:12:13-37
205            android:theme="@android:style/Theme.NoTitleBar.Fullscreen" />
205-->[:url_launcher_android] AndroidManifest.xml:13:13-71
206
207        <provider
207-->[:open_file] AndroidManifest.xml:11:9-20:20
208            android:name="com.crazecoder.openfile.FileProvider"
208-->[:open_file] AndroidManifest.xml:12:13-64
209            android:authorities="com.example.app_work_log.fileProvider.com.crazecoder.openfile"
209-->[:open_file] AndroidManifest.xml:13:13-88
210            android:exported="false"
210-->[:open_file] AndroidManifest.xml:14:13-37
211            android:grantUriPermissions="true" >
211-->[:open_file] AndroidManifest.xml:15:13-47
212            <meta-data
212-->[:image_picker_android] AndroidManifest.xml:15:13-17:75
213                android:name="android.support.FILE_PROVIDER_PATHS"
213-->[:image_picker_android] AndroidManifest.xml:16:17-67
214                android:resource="@xml/filepaths" />
214-->[:image_picker_android] AndroidManifest.xml:17:17-72
215        </provider>
216        <!--
217           Declares a provider which allows us to store files to share in
218           '.../caches/share_plus' and grant the receiving action access
219        -->
220        <provider
220-->[:share_plus] AndroidManifest.xml:15:9-23:20
221            android:name="dev.fluttercommunity.plus.share.ShareFileProvider"
221-->[:share_plus] AndroidManifest.xml:16:13-77
222            android:authorities="com.example.app_work_log.flutter.share_provider"
222-->[:share_plus] AndroidManifest.xml:17:13-74
223            android:exported="false"
223-->[:share_plus] AndroidManifest.xml:18:13-37
224            android:grantUriPermissions="true" >
224-->[:share_plus] AndroidManifest.xml:19:13-47
225            <meta-data
225-->[:image_picker_android] AndroidManifest.xml:15:13-17:75
226                android:name="android.support.FILE_PROVIDER_PATHS"
226-->[:image_picker_android] AndroidManifest.xml:16:17-67
227                android:resource="@xml/flutter_share_file_paths" />
227-->[:image_picker_android] AndroidManifest.xml:17:17-72
228        </provider>
229        <!--
230           This manifest declared broadcast receiver allows us to use an explicit
231           Intent when creating a PendingItent to be informed of the user's choice
232        -->
233        <receiver
233-->[:share_plus] AndroidManifest.xml:28:9-34:20
234            android:name="dev.fluttercommunity.plus.share.SharePlusPendingIntent"
234-->[:share_plus] AndroidManifest.xml:29:13-82
235            android:exported="false" >
235-->[:share_plus] AndroidManifest.xml:30:13-37
236            <intent-filter>
236-->[:share_plus] AndroidManifest.xml:31:13-33:29
237                <action android:name="EXTRA_CHOSEN_COMPONENT" />
237-->[:share_plus] AndroidManifest.xml:32:17-65
237-->[:share_plus] AndroidManifest.xml:32:25-62
238            </intent-filter>
239        </receiver> <!-- Needs to be explicitly declared on P+ -->
240        <uses-library
240-->[com.google.android.gms:play-services-maps:18.1.0] AndroidManifest.xml:39:9-41:40
241            android:name="org.apache.http.legacy"
241-->[com.google.android.gms:play-services-maps:18.1.0] AndroidManifest.xml:40:13-50
242            android:required="false" />
242-->[com.google.android.gms:play-services-maps:18.1.0] AndroidManifest.xml:41:13-37
243
244        <receiver
244-->[com.google.firebase:firebase-messaging:23.2.1] AndroidManifest.xml:29:9-36:20
245            android:name="com.google.firebase.iid.FirebaseInstanceIdReceiver"
245-->[com.google.firebase:firebase-messaging:23.2.1] AndroidManifest.xml:30:13-78
246            android:exported="true"
246-->[com.google.firebase:firebase-messaging:23.2.1] AndroidManifest.xml:31:13-36
247            android:permission="com.google.android.c2dm.permission.SEND" >
247-->[com.google.firebase:firebase-messaging:23.2.1] AndroidManifest.xml:32:13-73
248            <intent-filter>
248-->[:firebase_messaging] AndroidManifest.xml:32:13-34:29
249                <action android:name="com.google.android.c2dm.intent.RECEIVE" />
249-->[:firebase_messaging] AndroidManifest.xml:33:17-81
249-->[:firebase_messaging] AndroidManifest.xml:33:25-78
250            </intent-filter>
251        </receiver>
252        <!--
253             FirebaseMessagingService performs security checks at runtime,
254             but set to not exported to explicitly avoid allowing another app to call it.
255        -->
256        <service
256-->[com.google.firebase:firebase-messaging:23.2.1] AndroidManifest.xml:42:9-49:19
257            android:name="com.google.firebase.messaging.FirebaseMessagingService"
257-->[com.google.firebase:firebase-messaging:23.2.1] AndroidManifest.xml:43:13-82
258            android:directBootAware="true"
258-->[com.google.firebase:firebase-messaging:23.2.1] AndroidManifest.xml:44:13-43
259            android:exported="false" >
259-->[com.google.firebase:firebase-messaging:23.2.1] AndroidManifest.xml:45:13-37
260            <intent-filter android:priority="-500" >
260-->[:firebase_messaging] AndroidManifest.xml:23:13-25:29
261                <action android:name="com.google.firebase.MESSAGING_EVENT" />
261-->[:firebase_messaging] AndroidManifest.xml:24:17-78
261-->[:firebase_messaging] AndroidManifest.xml:24:25-75
262            </intent-filter>
263        </service>
264        <service
264-->[com.google.android.gms:play-services-mlkit-barcode-scanning:18.2.0] AndroidManifest.xml:9:9-15:19
265            android:name="com.google.mlkit.common.internal.MlKitComponentDiscoveryService"
265-->[com.google.android.gms:play-services-mlkit-barcode-scanning:18.2.0] AndroidManifest.xml:10:13-91
266            android:directBootAware="true"
266-->[com.google.mlkit:common:18.7.0] AndroidManifest.xml:17:13-43
267            android:exported="false" >
267-->[com.google.android.gms:play-services-mlkit-barcode-scanning:18.2.0] AndroidManifest.xml:11:13-37
268            <meta-data
268-->[com.google.android.gms:play-services-mlkit-barcode-scanning:18.2.0] AndroidManifest.xml:12:13-14:85
269                android:name="com.google.firebase.components:com.google.mlkit.vision.barcode.internal.BarcodeRegistrar"
269-->[com.google.android.gms:play-services-mlkit-barcode-scanning:18.2.0] AndroidManifest.xml:13:17-120
270                android:value="com.google.firebase.components.ComponentRegistrar" />
270-->[com.google.android.gms:play-services-mlkit-barcode-scanning:18.2.0] AndroidManifest.xml:14:17-82
271            <meta-data
271-->[com.google.mlkit:vision-common:17.3.0] AndroidManifest.xml:12:13-14:85
272                android:name="com.google.firebase.components:com.google.mlkit.vision.common.internal.VisionCommonRegistrar"
272-->[com.google.mlkit:vision-common:17.3.0] AndroidManifest.xml:13:17-124
273                android:value="com.google.firebase.components.ComponentRegistrar" />
273-->[com.google.mlkit:vision-common:17.3.0] AndroidManifest.xml:14:17-82
274            <meta-data
274-->[com.google.mlkit:common:18.7.0] AndroidManifest.xml:20:13-22:85
275                android:name="com.google.firebase.components:com.google.mlkit.common.internal.CommonComponentRegistrar"
275-->[com.google.mlkit:common:18.7.0] AndroidManifest.xml:21:17-120
276                android:value="com.google.firebase.components.ComponentRegistrar" />
276-->[com.google.mlkit:common:18.7.0] AndroidManifest.xml:22:17-82
277        </service>
278
279        <provider
279-->[com.google.mlkit:common:18.7.0] AndroidManifest.xml:9:9-13:38
280            android:name="com.google.mlkit.common.internal.MlKitInitProvider"
280-->[com.google.mlkit:common:18.7.0] AndroidManifest.xml:10:13-78
281            android:authorities="com.example.app_work_log.mlkitinitprovider"
281-->[com.google.mlkit:common:18.7.0] AndroidManifest.xml:11:13-69
282            android:exported="false"
282-->[com.google.mlkit:common:18.7.0] AndroidManifest.xml:12:13-37
283            android:initOrder="99" />
283-->[com.google.mlkit:common:18.7.0] AndroidManifest.xml:13:13-35
284
285        <activity
285-->[com.google.android.gms:play-services-base:18.1.0] AndroidManifest.xml:20:9-22:45
286            android:name="com.google.android.gms.common.api.GoogleApiActivity"
286-->[com.google.android.gms:play-services-base:18.1.0] AndroidManifest.xml:20:19-85
287            android:exported="false"
287-->[com.google.android.gms:play-services-base:18.1.0] AndroidManifest.xml:22:19-43
288            android:theme="@android:style/Theme.Translucent.NoTitleBar" />
288-->[com.google.android.gms:play-services-base:18.1.0] AndroidManifest.xml:21:19-78
289
290        <provider
290-->[com.google.firebase:firebase-common:20.3.3] AndroidManifest.xml:25:9-30:39
291            android:name="com.google.firebase.provider.FirebaseInitProvider"
291-->[com.google.firebase:firebase-common:20.3.3] AndroidManifest.xml:26:13-77
292            android:authorities="com.example.app_work_log.firebaseinitprovider"
292-->[com.google.firebase:firebase-common:20.3.3] AndroidManifest.xml:27:13-72
293            android:directBootAware="true"
293-->[com.google.firebase:firebase-common:20.3.3] AndroidManifest.xml:28:13-43
294            android:exported="false"
294-->[com.google.firebase:firebase-common:20.3.3] AndroidManifest.xml:29:13-37
295            android:initOrder="100" />
295-->[com.google.firebase:firebase-common:20.3.3] AndroidManifest.xml:30:13-36
296
297        <meta-data
297-->[com.google.android.gms:play-services-basement:18.1.0] AndroidManifest.xml:21:9-23:69
298            android:name="com.google.android.gms.version"
298-->[com.google.android.gms:play-services-basement:18.1.0] AndroidManifest.xml:22:13-58
299            android:value="@integer/google_play_services_version" />
299-->[com.google.android.gms:play-services-basement:18.1.0] AndroidManifest.xml:23:13-66
300
301        <provider
301-->[androidx.work:work-runtime:2.7.1] AndroidManifest.xml:31:9-39:20
302            android:name="androidx.startup.InitializationProvider"
302-->[androidx.work:work-runtime:2.7.1] AndroidManifest.xml:32:13-67
303            android:authorities="com.example.app_work_log.androidx-startup"
303-->[androidx.work:work-runtime:2.7.1] AndroidManifest.xml:33:13-68
304            android:exported="false" >
304-->[androidx.work:work-runtime:2.7.1] AndroidManifest.xml:34:13-37
305            <meta-data
305-->[androidx.work:work-runtime:2.7.1] AndroidManifest.xml:36:13-38:52